
2020-08-24T03:07:29.918Z [server]  Uncaught Exception
Error: EPIPE: broken pipe, write
    at Socket._write (internal/net.js:58:25)
    at doWrite (_stream_writable.js:431:12)
    at writeOrBuffer (_stream_writable.js:415:5)
    at Socket.Writable.write (_stream_writable.js:305:11)
    at compare (C:\Users\ksred\Desktop\GMU\hapi\server-nodejs\lib\test.js:120:19)
    at testoutput (C:\Users\ksred\Desktop\GMU\hapi\server-nodejs\lib\test.js:141:12)
    at IncomingMessage.<anonymous> (C:\Users\ksred\Desktop\GMU\hapi\server-nodejs\lib\test.js:92:6)
    at IncomingMessage.emit (events.js:215:7)
    at endReadableNT (_stream_readable.js:1183:12)
    at processTicksAndRejections (internal/process/task_queues.js:80:21)
2020-08-24T03:07:29.934Z [server]  Uncaught Exception
Error: EPIPE: broken pipe, write
    at Socket._write (internal/net.js:58:25)
    at doWrite (_stream_writable.js:431:12)
    at writeOrBuffer (_stream_writable.js:415:5)
    at Socket.Writable.write (_stream_writable.js:305:11)
    at compare (C:\Users\ksred\Desktop\GMU\hapi\server-nodejs\lib\test.js:120:19)
    at testoutput (C:\Users\ksred\Desktop\GMU\hapi\server-nodejs\lib\test.js:141:12)
    at IncomingMessage.<anonymous> (C:\Users\ksred\Desktop\GMU\hapi\server-nodejs\lib\test.js:92:6)
    at IncomingMessage.emit (events.js:215:7)
    at endReadableNT (_stream_readable.js:1183:12)
    at processTicksAndRejections (internal/process/task_queues.js:80:21)
2020-08-24T03:20:35.515Z [server]  Uncaught Exception
Error: EPIPE: broken pipe, write
    at Socket._write (internal/net.js:58:25)
    at doWrite (_stream_writable.js:431:12)
    at writeOrBuffer (_stream_writable.js:415:5)
    at Socket.Writable.write (_stream_writable.js:305:11)
    at compare (C:\Users\ksred\Desktop\GMU\hapi\server-nodejs\lib\test.js:120:19)
    at testoutput (C:\Users\ksred\Desktop\GMU\hapi\server-nodejs\lib\test.js:141:12)
    at IncomingMessage.<anonymous> (C:\Users\ksred\Desktop\GMU\hapi\server-nodejs\lib\test.js:92:6)
    at IncomingMessage.emit (events.js:215:7)
    at endReadableNT (_stream_readable.js:1183:12)
    at processTicksAndRejections (internal/process/task_queues.js:80:21)
2020-08-24T03:20:35.530Z [server]  Uncaught Exception
Error: EPIPE: broken pipe, write
    at Socket._write (internal/net.js:58:25)
    at doWrite (_stream_writable.js:431:12)
    at writeOrBuffer (_stream_writable.js:415:5)
    at Socket.Writable.write (_stream_writable.js:305:11)
    at compare (C:\Users\ksred\Desktop\GMU\hapi\server-nodejs\lib\test.js:120:19)
    at testoutput (C:\Users\ksred\Desktop\GMU\hapi\server-nodejs\lib\test.js:141:12)
    at IncomingMessage.<anonymous> (C:\Users\ksred\Desktop\GMU\hapi\server-nodejs\lib\test.js:92:6)
    at IncomingMessage.emit (events.js:215:7)
    at endReadableNT (_stream_readable.js:1183:12)
    at processTicksAndRejections (internal/process/task_queues.js:80:21)
2020-08-24T03:43:42.832Z [server]  Uncaught Exception
Error: EPIPE: broken pipe, write
    at Socket._write (internal/net.js:58:25)
    at doWrite (_stream_writable.js:431:12)
    at writeOrBuffer (_stream_writable.js:415:5)
    at Socket.Writable.write (_stream_writable.js:305:11)
    at compare (C:\Users\ksred\Desktop\GMU\hapi\server-nodejs\lib\test.js:120:19)
    at testoutput (C:\Users\ksred\Desktop\GMU\hapi\server-nodejs\lib\test.js:141:12)
    at IncomingMessage.<anonymous> (C:\Users\ksred\Desktop\GMU\hapi\server-nodejs\lib\test.js:92:6)
    at IncomingMessage.emit (events.js:215:7)
    at endReadableNT (_stream_readable.js:1183:12)
    at processTicksAndRejections (internal/process/task_queues.js:80:21)
2020-08-24T03:43:42.844Z [server]  Uncaught Exception
Error: EPIPE: broken pipe, write
    at Socket._write (internal/net.js:58:25)
    at doWrite (_stream_writable.js:431:12)
    at writeOrBuffer (_stream_writable.js:415:5)
    at Socket.Writable.write (_stream_writable.js:305:11)
    at compare (C:\Users\ksred\Desktop\GMU\hapi\server-nodejs\lib\test.js:120:19)
    at testoutput (C:\Users\ksred\Desktop\GMU\hapi\server-nodejs\lib\test.js:141:12)
    at IncomingMessage.<anonymous> (C:\Users\ksred\Desktop\GMU\hapi\server-nodejs\lib\test.js:92:6)
    at IncomingMessage.emit (events.js:215:7)
    at endReadableNT (_stream_readable.js:1183:12)
    at processTicksAndRejections (internal/process/task_queues.js:80:21)
2020-08-24T03:52:27.381Z [server]  Uncaught Exception
Error: EPIPE: broken pipe, write
    at Socket._write (internal/net.js:58:25)
    at doWrite (_stream_writable.js:431:12)
    at writeOrBuffer (_stream_writable.js:415:5)
    at Socket.Writable.write (_stream_writable.js:305:11)
    at compare (C:\Users\ksred\Desktop\GMU\hapi\server-nodejs\lib\test.js:120:19)
    at testoutput (C:\Users\ksred\Desktop\GMU\hapi\server-nodejs\lib\test.js:141:12)
    at IncomingMessage.<anonymous> (C:\Users\ksred\Desktop\GMU\hapi\server-nodejs\lib\test.js:92:6)
    at IncomingMessage.emit (events.js:215:7)
    at endReadableNT (_stream_readable.js:1183:12)
    at processTicksAndRejections (internal/process/task_queues.js:80:21)
2020-08-24T03:52:27.400Z [server]  Uncaught Exception
Error: EPIPE: broken pipe, write
    at Socket._write (internal/net.js:58:25)
    at doWrite (_stream_writable.js:431:12)
    at writeOrBuffer (_stream_writable.js:415:5)
    at Socket.Writable.write (_stream_writable.js:305:11)
    at compare (C:\Users\ksred\Desktop\GMU\hapi\server-nodejs\lib\test.js:120:19)
    at testoutput (C:\Users\ksred\Desktop\GMU\hapi\server-nodejs\lib\test.js:141:12)
    at IncomingMessage.<anonymous> (C:\Users\ksred\Desktop\GMU\hapi\server-nodejs\lib\test.js:92:6)
    at IncomingMessage.emit (events.js:215:7)
    at endReadableNT (_stream_readable.js:1183:12)
    at processTicksAndRejections (internal/process/task_queues.js:80:21)
2020-08-24T04:05:26.770Z [server]  Uncaught Exception
Error: EPIPE: broken pipe, write
    at Socket._write (internal/net.js:58:25)
    at doWrite (_stream_writable.js:431:12)
    at writeOrBuffer (_stream_writable.js:415:5)
    at Socket.Writable.write (_stream_writable.js:305:11)
    at compare (C:\Users\ksred\Desktop\GMU\hapi\server-nodejs\lib\test.js:120:19)
    at testoutput (C:\Users\ksred\Desktop\GMU\hapi\server-nodejs\lib\test.js:141:12)
    at IncomingMessage.<anonymous> (C:\Users\ksred\Desktop\GMU\hapi\server-nodejs\lib\test.js:92:6)
    at IncomingMessage.emit (events.js:215:7)
    at endReadableNT (_stream_readable.js:1183:12)
    at processTicksAndRejections (internal/process/task_queues.js:80:21)
2020-08-24T04:05:26.776Z [server]  Uncaught Exception
Error: EPIPE: broken pipe, write
    at Socket._write (internal/net.js:58:25)
    at doWrite (_stream_writable.js:431:12)
    at writeOrBuffer (_stream_writable.js:415:5)
    at Socket.Writable.write (_stream_writable.js:305:11)
    at compare (C:\Users\ksred\Desktop\GMU\hapi\server-nodejs\lib\test.js:120:19)
    at testoutput (C:\Users\ksred\Desktop\GMU\hapi\server-nodejs\lib\test.js:141:12)
    at IncomingMessage.<anonymous> (C:\Users\ksred\Desktop\GMU\hapi\server-nodejs\lib\test.js:92:6)
    at IncomingMessage.emit (events.js:215:7)
    at endReadableNT (_stream_readable.js:1183:12)
    at processTicksAndRejections (internal/process/task_queues.js:80:21)
2020-08-24T04:20:29.983Z [server]  Uncaught Exception
Error: EPIPE: broken pipe, write
    at Socket._write (internal/net.js:58:25)
    at doWrite (_stream_writable.js:431:12)
    at writeOrBuffer (_stream_writable.js:415:5)
    at Socket.Writable.write (_stream_writable.js:305:11)
    at compare (C:\Users\ksred\Desktop\GMU\hapi\server-nodejs\lib\test.js:120:19)
    at testoutput (C:\Users\ksred\Desktop\GMU\hapi\server-nodejs\lib\test.js:141:12)
    at IncomingMessage.<anonymous> (C:\Users\ksred\Desktop\GMU\hapi\server-nodejs\lib\test.js:92:6)
    at IncomingMessage.emit (events.js:215:7)
    at endReadableNT (_stream_readable.js:1183:12)
    at processTicksAndRejections (internal/process/task_queues.js:80:21)
2020-08-24T04:20:29.996Z [server]  Uncaught Exception
Error: EPIPE: broken pipe, write
    at Socket._write (internal/net.js:58:25)
    at doWrite (_stream_writable.js:431:12)
    at writeOrBuffer (_stream_writable.js:415:5)
    at Socket.Writable.write (_stream_writable.js:305:11)
    at compare (C:\Users\ksred\Desktop\GMU\hapi\server-nodejs\lib\test.js:120:19)
    at testoutput (C:\Users\ksred\Desktop\GMU\hapi\server-nodejs\lib\test.js:141:12)
    at IncomingMessage.<anonymous> (C:\Users\ksred\Desktop\GMU\hapi\server-nodejs\lib\test.js:92:6)
    at IncomingMessage.emit (events.js:215:7)
    at endReadableNT (_stream_readable.js:1183:12)
    at processTicksAndRejections (internal/process/task_queues.js:80:21)